<?xml version="1.0" encoding="UTF-8"?>
<!-- Generated by org.testng.reporters.JUnitReportReporter -->
<testsuite hostname="LAPTOP-NU1V4IQS" failures="0" tests="1" name="testcases.HomePageTest" time="44.294" errors="0" timestamp="2024-07-23T14:53:36 IST" skipped="0">
  <testcase classname="testcases.HomePageTest" name="TC01_AddToCartTest" time="44.294"/>
  <system-out/>
</testsuite> <!-- testcases.HomePageTest -->
