<?xml version="1.0" encoding="UTF-8"?>
<!-- Generated by org.testng.reporters.JUnitReportReporter -->
<testsuite hostname="LAPTOP-NU1V4IQS" failures="0" tests="3" name="testcases.LoginTest" time="19.046" errors="0" timestamp="2024-07-23T14:53:53 IST" skipped="0">
  <testcase classname="testcases.LoginTest" name="TC03_LockedUserTest" time="5.640"/>
  <system-out/>
  <testcase classname="testcases.LoginTest" name="TC01_LoginSuccessTest" time="7.714"/>
  <system-out/>
  <testcase classname="testcases.LoginTest" name="TC02_LoginFailureTest" time="5.692"/>
  <system-out/>
</testsuite> <!-- testcases.LoginTest -->
